Performing C++ SOURCE FILE Test HAS_FCOLOR_DIAGNOSTICS failed with the following output:
Change Dir: /home/yujn/also/build-ninja/CMakeFiles/CMakeTmp

Run Build Command(s):/usr/local/anaconda3/bin/ninja cmTC_73dcb && [1/2] Building CXX object CMakeFiles/cmTC_73dcb.dir/src.cxx.o
FAILED: CMakeFiles/cmTC_73dcb.dir/src.cxx.o 
/opt/rh/devtoolset-8/root/usr/bin/c++ -DHAS_FCOLOR_DIAGNOSTICS  -fcolor-diagnostics -std=gnu++17 -o CMakeFiles/cmTC_73dcb.dir/src.cxx.o -c /home/yujn/also/build-ninja/CMakeFiles/CMakeTmp/src.cxx
c++: error: unrecognized command line option '-fcolor-diagnostics'
ninja: build stopped: subcommand failed.


Source file was:
int main() { return 0; }
Performing C++ SOURCE FILE Test HAS_WNO_gnu-anonymous-struct failed with the following output:
Change Dir: /home/yujn/also/build-ninja/CMakeFiles/CMakeTmp

Run Build Command(s):/usr/local/anaconda3/bin/ninja cmTC_68d48 && [1/2] Building CXX object CMakeFiles/cmTC_68d48.dir/src.cxx.o
<command-line>: warning: ISO C++11 requires whitespace after the macro name
cc1plus: warning: unrecognized command line option '-Wno-gnu-anonymous-struct'
[2/2] Linking CXX executable cmTC_68d48


Source file was:
int main() { return 0; }
Performing C++ SOURCE FILE Test HAS_WNO_nested-anon-types failed with the following output:
Change Dir: /home/yujn/also/build-ninja/CMakeFiles/CMakeTmp

Run Build Command(s):/usr/local/anaconda3/bin/ninja cmTC_fef00 && [1/2] Building CXX object CMakeFiles/cmTC_fef00.dir/src.cxx.o
<command-line>: warning: ISO C++11 requires whitespace after the macro name
cc1plus: warning: unrecognized command line option '-Wno-nested-anon-types'
[2/2] Linking CXX executable cmTC_fef00


Source file was:
int main() { return 0; }
Performing C++ SOURCE FILE Test HAS_WNO_unused-lambda-capture failed with the following output:
Change Dir: /home/yujn/also/build-ninja/CMakeFiles/CMakeTmp

Run Build Command(s):/usr/local/anaconda3/bin/ninja cmTC_bf102 && [1/2] Building CXX object CMakeFiles/cmTC_bf102.dir/src.cxx.o
<command-line>: warning: ISO C++11 requires whitespace after the macro name
cc1plus: warning: unrecognized command line option '-Wno-unused-lambda-capture'
[2/2] Linking CXX executable cmTC_bf102


Source file was:
int main() { return 0; }
Performing C++ SOURCE FILE Test HAS_WNO_unused-private-field failed with the following output:
Change Dir: /home/yujn/also/build-ninja/CMakeFiles/CMakeTmp

Run Build Command(s):/usr/local/anaconda3/bin/ninja cmTC_7a749 && [1/2] Building CXX object CMakeFiles/cmTC_7a749.dir/src.cxx.o
<command-line>: warning: ISO C++11 requires whitespace after the macro name
cc1plus: warning: unrecognized command line option '-Wno-unused-private-field'
[2/2] Linking CXX executable cmTC_7a749


Source file was:
int main() { return 0; }
Performing C++ SOURCE FILE Test HAS_WNO_inconsistent-missing-override failed with the following output:
Change Dir: /home/yujn/also/build-ninja/CMakeFiles/CMakeTmp

Run Build Command(s):/usr/local/anaconda3/bin/ninja cmTC_8690e && [1/2] Building CXX object CMakeFiles/cmTC_8690e.dir/src.cxx.o
<command-line>: warning: ISO C++11 requires whitespace after the macro name
cc1plus: warning: unrecognized command line option '-Wno-inconsistent-missing-override'
[2/2] Linking CXX executable cmTC_8690e


Source file was:
int main() { return 0; }
Performing C++ SOURCE FILE Test HAS_WNO_range-loop-analysis failed with the following output:
Change Dir: /home/yujn/also/build-ninja/CMakeFiles/CMakeTmp

Run Build Command(s):/usr/local/anaconda3/bin/ninja cmTC_bdced && [1/2] Building CXX object CMakeFiles/cmTC_bdced.dir/src.cxx.o
<command-line>: warning: ISO C++11 requires whitespace after the macro name
cc1plus: warning: unrecognized command line option '-Wno-range-loop-analysis'
[2/2] Linking CXX executable cmTC_bdced


Source file was:
int main() { return 0; }
Performing C++ SOURCE FILE Test HAS_WNO_tautological-overlap-compare failed with the following output:
Change Dir: /home/yujn/also/build-ninja/CMakeFiles/CMakeTmp

Run Build Command(s):/usr/local/anaconda3/bin/ninja cmTC_103f4 && [1/2] Building CXX object CMakeFiles/cmTC_103f4.dir/src.cxx.o
<command-line>: warning: ISO C++11 requires whitespace after the macro name
cc1plus: warning: unrecognized command line option '-Wno-tautological-overlap-compare'
[2/2] Linking CXX executable cmTC_103f4


Source file was:
int main() { return 0; }
Performing C++ SOURCE FILE Test HAS_WNO_macro-redefined failed with the following output:
Change Dir: /home/yujn/also/build-ninja/CMakeFiles/CMakeTmp

Run Build Command(s):/usr/local/anaconda3/bin/ninja cmTC_2a938 && [1/2] Building CXX object CMakeFiles/cmTC_2a938.dir/src.cxx.o
<command-line>: warning: ISO C++11 requires whitespace after the macro name
cc1plus: warning: unrecognized command line option '-Wno-macro-redefined'
[2/2] Linking CXX executable cmTC_2a938


Source file was:
int main() { return 0; }
Performing C++ SOURCE FILE Test HAS_WNO_range-loop-construct failed with the following output:
Change Dir: /home/yujn/also/build-ninja/CMakeFiles/CMakeTmp

Run Build Command(s):/usr/local/anaconda3/bin/ninja cmTC_8ed00 && [1/2] Building CXX object CMakeFiles/cmTC_8ed00.dir/src.cxx.o
<command-line>: warning: ISO C++11 requires whitespace after the macro name
cc1plus: warning: unrecognized command line option '-Wno-range-loop-construct'
[2/2] Linking CXX executable cmTC_8ed00


Source file was:
int main() { return 0; }
Performing C++ SOURCE FILE Test CMAKE_HAVE_LIBC_PTHREAD failed with the following output:
Change Dir: /home/yujn/also/build-ninja/CMakeFiles/CMakeTmp

Run Build Command(s):/usr/local/anaconda3/bin/ninja cmTC_b059c && [1/2] Building CXX object CMakeFiles/cmTC_b059c.dir/src.cxx.o
[2/2] Linking CXX executable cmTC_b059c
FAILED: cmTC_b059c 
: && /opt/rh/devtoolset-8/root/usr/bin/c++   CMakeFiles/cmTC_b059c.dir/src.cxx.o -o cmTC_b059c   && :
CMakeFiles/cmTC_b059c.dir/src.cxx.o: In function `main':
src.cxx:(.text+0x2d): undefined reference to `pthread_create'
src.cxx:(.text+0x39): undefined reference to `pthread_detach'
src.cxx:(.text+0x45): undefined reference to `pthread_cancel'
src.cxx:(.text+0x56): undefined reference to `pthread_join'
collect2: error: ld returned 1 exit status
ninja: build stopped: subcommand failed.


Source file was:
#include <pthread.h>

static void* test_func(void* data)
{
  return data;
}

int main(void)
{
  pthread_t thread;
  pthread_create(&thread, NULL, test_func, NULL);
  pthread_detach(thread);
  pthread_cancel(thread);
  pthread_join(thread, NULL);
  pthread_atfork(NULL, NULL, NULL);
  pthread_exit(NULL);

  return 0;
}

